// 重构日志: 0ac23de0
// 重构日志: 64b530ed
// 重构日志: cb31d25f
// 重构日志: 46146e25
// 同步 ID: ba2626ac @ Fri Jun 26 11:34:42 UTC 2026
// 同步 ID: 963d8db3 @ Fri Jun 26 23:37:37 UTC 2026
// 重构日志: 6e839705
// 重构日志: a6e5cb18
// 重构日志: 5fc7a999
// 重构日志: 1c842324
// 重构日志: 3181397a
// 同步 ID: d1cd6398 @ Thu Jul  2 10:25:08 UTC 2026
// 重构日志: baf13ba0
// 同步 ID: cc7ab4c7 @ Sat Jul  4 15:55:14 UTC 2026
// 重构日志: 0570071d
// 重构日志: ef408116
// 重构日志: b2b33311
// 重构日志: 8b0a442f
// 重构日志: 84a93a1d
// 同步 ID: 404710f1 @ Tue Jul 14 07:11:40 UTC 2026
// 重构日志: ae3c8128
// 重构日志: b31fd7aa
// 重构日志: f5d55530
// 重构日志: 913ce72b
// 重构日志: 3399ad5f
// 重构日志: 0b8564d5
// 同步 ID: 64aa3a0a @ Sat Jul 18 10:34:06 UTC 2026
